<?xml version="1.0" encoding="UTF-8"?>
<!-- Generated by org.testng.reporters.JUnitReportReporter -->
<testsuite skipped="0" hostname="IBM200-PC0GHXJ9" name="tests.testCases.Test_Welcome_Page" tests="1" failures="0" timestamp="07 Mar 2019 05:22:52 GMT" time="1.191" errors="0">
  <testcase name="testFillForm" time="1.191" classname="tests.testCases.Test_Welcome_Page"/>
</testsuite> <!-- tests.testCases.Test_Welcome_Page -->
