<?xml version="1.0" encoding="UTF-8"?>
<!-- Generated by org.testng.reporters.JUnitReportReporter -->
<testsuite skipped="0" hostname="IBM200-PC0GHXJ9" name="tests.testCases.Test_Threads" tests="1" failures="0" timestamp="07 Mar 2019 05:22:52 GMT" time="1.330" errors="0">
  <testcase name="testThreadsPage" time="1.330" classname="tests.testCases.Test_Threads"/>
</testsuite> <!-- tests.testCases.Test_Threads -->
