<?xml version="1.0" encoding="UTF-8"?>
<!-- Generated by org.testng.reporters.JUnitReportReporter -->
<testsuite skipped="0" hostname="IBM200-PC0GHXJ9" name="p1.Test2" tests="3" failures="0" timestamp="24 Feb 2019 07:56:52 GMT" time="0.000" errors="0">
  <testcase name="m8" time="0.000" classname="p1.Test2"/>
  <testcase name="m7" time="0.000" classname="p1.Test2"/>
  <testcase name="m9" time="0.000" classname="p1.Test2"/>
</testsuite> <!-- p1.Test2 -->
