<?xml version="1.0" encoding="UTF-8"?>
<!-- Generated by org.testng.reporters.JUnitReportReporter -->
<testsuite skipped="0" hostname="DESKTOP-U94MBI6" name="DataProvider.DataProviderTest" tests="3" failures="0" timestamp="11 Feb 2020 02:06:57 GMT" time="0.029" errors="0">
  <testcase name="test" time="0.002" classname="DataProvider.DataProviderTest"/>
  <testcase name="test" time="0.021" classname="DataProvider.DataProviderTest"/>
  <testcase name="test" time="0.006" classname="DataProvider.DataProviderTest"/>
</testsuite> <!-- DataProvider.DataProviderTest -->
