<?xml version="1.0" encoding="UTF-8"?>
<!-- Generated by org.testng.reporters.JUnitReportReporter -->
<testsuite skipped="0" hostname="DESKTOP-U94MBI6" name="TestNG_Class.Class_Test" tests="3" failures="0" timestamp="12 Apr 2020 08:07:35 GMT" time="0.021" errors="0">
  <testcase name="test2" time="0.012" classname="TestNG_Class.Class_Test"/>
  <testcase name="test4" time="0.007" classname="TestNG_Class.Class_Test"/>
  <testcase name="test5" time="0.002" classname="TestNG_Class.Class_Test"/>
</testsuite> <!-- TestNG_Class.Class_Test -->
