<?xml version="1.0" encoding="UTF-8"?>
<!-- Generated by org.testng.reporters.JUnitReportReporter -->
<testsuite skipped="0" hostname="IBM200-PC0GHXJ9" name="p1.Test3" tests="1" failures="0" timestamp="25 Feb 2019 07:00:11 GMT" time="0.011" errors="0">
  <testcase name="m5" time="0.011" classname="p1.Test3"/>
</testsuite> <!-- p1.Test3 -->
