<?xml version="1.0" encoding="UTF-8"?>
<!-- Generated by org.testng.reporters.JUnitReportReporter -->
<testsuite skipped="0" hostname="DESKTOP-U94MBI6" name="p1.Test2" tests="3" failures="0" timestamp="23 Dec 2019 15:27:06 GMT" time="0.014" errors="0">
  <testcase name="m8" time="0.004" classname="p1.Test2"/>
  <testcase name="m7" time="0.006" classname="p1.Test2"/>
  <testcase name="m9" time="0.004" classname="p1.Test2"/>
</testsuite> <!-- p1.Test2 -->
