<?xml version="1.0" encoding="UTF-8"?>
<!-- Generated by org.testng.reporters.JUnitReportReporter -->
<testsuite skipped="0" hostname="DESKTOP-U94MBI6" name="Execute_Single_TC.Single_TestCase" tests="2" failures="0" timestamp="09 Apr 2020 06:16:43 GMT" time="0.018" errors="0">
  <testcase name="test1" time="0.013" classname="Execute_Single_TC.Single_TestCase"/>
  <testcase name="test2" time="0.005" classname="Execute_Single_TC.Single_TestCase"/>
</testsuite> <!-- Execute_Single_TC.Single_TestCase -->
