<?xml version="1.0" encoding="UTF-8"?>
<!-- Generated by org.testng.reporters.JUnitReportReporter -->
<testsuite skipped="0" hostname="DESKTOP-U94MBI6" name="p1.DataProviderTest" tests="2" failures="0" timestamp="12 Apr 2020 07:03:25 GMT" time="0.030" errors="0">
  <testcase name="TestDataProvider" time="0.028" classname="p1.DataProviderTest"/>
  <testcase name="TestDataProvider" time="0.002" classname="p1.DataProviderTest"/>
</testsuite> <!-- p1.DataProviderTest -->
