<?xml version="1.0" encoding="UTF-8"?>
<!-- Generated by org.testng.reporters.JUnitReportReporter -->
<testsuite skipped="0" hostname="DESKTOP-U94MBI6" name="Retry_Failed_Test.Retry_Failed_Test" tests="4" failures="0" timestamp="05 Apr 2020 06:52:57 GMT" time="0.020" errors="0">
  <testcase name="test3" time="0.002" classname="Retry_Failed_Test.Retry_Failed_Test"/>
  <testcase name="test4" time="0.003" classname="Retry_Failed_Test.Retry_Failed_Test"/>
  <testcase name="test2" time="0.002" classname="Retry_Failed_Test.Retry_Failed_Test"/>
  <testcase name="test1" time="0.013" classname="Retry_Failed_Test.Retry_Failed_Test"/>
</testsuite> <!-- Retry_Failed_Test.Retry_Failed_Test -->
