<?xml version="1.0" encoding="UTF-8"?>
<!-- Generated by org.testng.reporters.JUnitReportReporter -->
<testsuite skipped="0" hostname="DESKTOP-U94MBI6" name="ParallelTesting.ParallelTest" tests="2" failures="0" timestamp="10 Mar 2020 11:16:08 GMT" time="0.029" errors="0">
  <testcase name="test1" time="0.014" classname="ParallelTesting.ParallelTest"/>
  <testcase name="test2" time="0.015" classname="ParallelTesting.ParallelTest"/>
</testsuite> <!-- ParallelTesting.ParallelTest -->
