<?xml version="1.0" encoding="UTF-8"?>
<!-- Generated by org.testng.reporters.JUnitReportReporter -->
<testsuite skipped="0" hostname="DESKTOP-U94MBI6" name="ParallelTesting.ParallelTest" tests="2" failures="0" timestamp="04 Apr 2020 11:05:45 GMT" time="0.037" errors="0">
  <testcase name="test1" time="0.034" classname="ParallelTesting.ParallelTest"/>
  <testcase name="test2" time="0.003" classname="ParallelTesting.ParallelTest"/>
</testsuite> <!-- ParallelTesting.ParallelTest -->
