<?xml version="1.0" encoding="UTF-8"?>
<!-- Generated by org.testng.reporters.JUnitReportReporter -->
<testsuite skipped="0" hostname="DESKTOP-U94MBI6" name="p1.TestNG_Annotation" tests="1" failures="0" timestamp="10 Mar 2020 14:10:26 GMT" time="0.011" errors="0">
  <testcase name="test1" time="0.011" classname="p1.TestNG_Annotation"/>
</testsuite> <!-- p1.TestNG_Annotation -->
