<?xml version="1.0" encoding="UTF-8"?>
<!-- Generated by org.testng.reporters.JUnitReportReporter -->
<testsuite skipped="0" hostname="DESKTOP-U94MBI6" name="p1.Test3" tests="1" failures="0" timestamp="12 Apr 2020 07:56:29 GMT" time="0.018" errors="0">
  <testcase name="m5" time="0.018" classname="p1.Test3"/>
</testsuite> <!-- p1.Test3 -->
