<?xml version="1.0" encoding="UTF-8"?>
<!-- Generated by org.testng.reporters.JUnitReportReporter -->
<testsuite skipped="0" hostname="IBM200-PC0GHXJ9" name="tests.testCases.TestWelcomePage" tests="1" failures="0" timestamp="07 Mar 2019 05:17:19 GMT" time="2.018" errors="0">
  <testcase name="testFillForm" time="2.018" classname="tests.testCases.TestWelcomePage"/>
</testsuite> <!-- tests.testCases.TestWelcomePage -->
