<?xml version="1.0" encoding="UTF-8"?>
<!-- Generated by org.testng.reporters.JUnitReportReporter -->
<testsuite skipped="0" hostname="DESKTOP-U94MBI6" name="ParallelTesting_TestNG.Parallel_Test" tests="3" failures="0" timestamp="15 Mar 2020 05:00:56 GMT" time="66.749" errors="0">
  <testcase name="test1" time="22.315" classname="ParallelTesting_TestNG.Parallel_Test"/>
  <testcase name="test2" time="22.260" classname="ParallelTesting_TestNG.Parallel_Test"/>
  <testcase name="test3" time="22.174" classname="ParallelTesting_TestNG.Parallel_Test"/>
</testsuite> <!-- ParallelTesting_TestNG.Parallel_Test -->
