<?xml version="1.0" encoding="UTF-8"?>
<!-- Generated by org.testng.reporters.JUnitReportReporter -->
<testsuite skipped="0" hostname="DESKTOP-U94MBI6" name="feb16.Driver_Quit" tests="1" failures="0" timestamp="15 Aug 2019 10:11:38 GMT" time="11.377" errors="0">
  <testcase name="Driver_Quit1" time="11.377" classname="feb16.Driver_Quit"/>
</testsuite> <!-- feb16.Driver_Quit -->
