<?xml version="1.0" encoding="UTF-8"?>
<!-- Generated by org.testng.reporters.JUnitReportReporter -->
<testsuite skipped="0" hostname="DESKTOP-U94MBI6" name="feb16.Driver_Quit" tests="1" failures="0" timestamp="12 Apr 2020 08:58:02 GMT" time="32.612" errors="0">
  <testcase name="Driver_Quit1" time="32.612" classname="feb16.Driver_Quit"/>
</testsuite> <!-- feb16.Driver_Quit -->
