<?xml version="1.0" encoding="UTF-8"?>
<!-- Generated by org.testng.reporters.JUnitReportReporter -->
<testsuite skipped="0" hostname="DESKTOP-U94MBI6" name="Head_Less_Browser.Html_Unit_Browser" tests="1" failures="0" timestamp="01 Apr 2020 06:54:26 GMT" time="22.187" errors="0">
  <testcase name="headLessTest" time="22.187" classname="Head_Less_Browser.Html_Unit_Browser"/>
</testsuite> <!-- Head_Less_Browser.Html_Unit_Browser -->
