<?xml version="1.0" encoding="UTF-8"?>
<!-- Generated by org.testng.reporters.JUnitReportReporter -->
<testsuite skipped="0" hostname="DESKTOP-U94MBI6" name="feb16.SelectClassMethods" tests="1" failures="0" timestamp="27 Aug 2019 15:06:05 GMT" time="44.040" errors="0">
  <testcase name="SelectMethods" time="44.040" classname="feb16.SelectClassMethods"/>
</testsuite> <!-- feb16.SelectClassMethods -->
