<?xml version="1.0" encoding="UTF-8"?>
<!-- Generated by org.testng.reporters.JUnitReportReporter -->
<testsuite skipped="0" hostname="DESKTOP-U94MBI6" name="Chrome_Options.Chrome_Options" tests="1" failures="0" timestamp="10 Apr 2020 07:07:26 GMT" time="10.742" errors="0">
  <testcase name="test1" time="10.742" classname="Chrome_Options.Chrome_Options"/>
</testsuite> <!-- Chrome_Options.Chrome_Options -->
