<?xml version="1.0" encoding="UTF-8"?>
<!-- Generated by org.testng.reporters.JUnitReportReporter -->
<testsuite skipped="0" hostname="DESKTOP-U94MBI6" name="Handle_SSL_Certificate.SSL_Certificate" tests="1" failures="0" timestamp="18 Dec 2019 11:00:13 GMT" time="0.031" errors="0">
  <testcase name="handleCertificate" time="0.031" classname="Handle_SSL_Certificate.SSL_Certificate"/>
</testsuite> <!-- Handle_SSL_Certificate.SSL_Certificate -->
