<?xml version="1.0" encoding="UTF-8"?>
<!-- Generated by org.testng.reporters.JUnitReportReporter -->
<testsuite skipped="0" hostname="DESKTOP-U94MBI6" name="feb2.Bootstrap" tests="1" failures="0" timestamp="01 Apr 2020 06:55:09 GMT" time="27.641" errors="0">
  <testcase name="test1" time="27.641" classname="feb2.Bootstrap"/>
</testsuite> <!-- feb2.Bootstrap -->
