<?xml version="1.0" encoding="UTF-8"?>
<!-- Generated by org.testng.reporters.JUnitReportReporter -->
<testsuite hostname="DESKTOP-U94MBI6" name="TestClasses.basics2" tests="3" failures="0" timestamp="7 Mar 2020 06:23:11 GMT" time="6.641" errors="0">
  <testcase name="testResReqpost" time="1.265" classname="TestClasses.basics2"/>
  <testcase name="testResReq" time="4.107" classname="TestClasses.basics2"/>
  <testcase name="testResReqpost1" time="1.269" classname="TestClasses.basics2"/>
</testsuite> <!-- TestClasses.basics2 -->
