<?xml version="1.0" encoding="UTF-8"?>
<!-- Generated by org.testng.reporters.JUnitReportReporter -->
<testsuite skipped="0" hostname="DESKTOP-U94MBI6" name="testRunner.testRunner" tests="1" failures="0" timestamp="12 Mar 2020 17:01:32 GMT" time="76.918" errors="0">
  <testcase name="runScenario" time="76.918" classname="testRunner.testRunner"/>
</testsuite> <!-- testRunner.testRunner -->
