<?xml version="1.0" encoding="UTF-8"?>
<!-- Generated by org.testng.reporters.JUnitReportReporter -->
<testsuite skipped="0" hostname="DESKTOP-U94MBI6" name="com.crm.qa.testcases.OHLoginPageTest" tests="1" failures="0" timestamp="14 Apr 2019 04:39:40 GMT" time="13.524" errors="0">
  <testcase name="LoginOrangeHRMTest" time="13.524" classname="com.crm.qa.testcases.OHLoginPageTest"/>
</testsuite> <!-- com.crm.qa.testcases.OHLoginPageTest -->
