<?xml version="1.0" encoding="UTF-8"?>
<!-- Generated by org.testng.reporters.JUnitReportReporter -->
<testsuite skipped="0" hostname="DESKTOP-U94MBI6" name="Test_Cases.TC003_GET_Request" tests="1" failures="0" timestamp="03 Oct 2019 12:20:10 GMT" time="0.643" errors="0">
  <testcase name="googleMapTest" time="0.643" classname="Test_Cases.TC003_GET_Request"/>
</testsuite> <!-- Test_Cases.TC003_GET_Request -->
