<?xml version="1.0" encoding="UTF-8"?>
<!-- Generated by org.testng.reporters.JUnitReportReporter -->
<testsuite skipped="0" hostname="DESKTOP-U94MBI6" name="getRequest.getData" tests="1" failures="0" timestamp="08 May 2019 05:10:48 GMT" time="3.755" errors="0">
  <testcase name="testPostRequest" time="3.755" classname="getRequest.getData"/>
</testsuite> <!-- getRequest.getData -->
