<?xml version="1.0" encoding="UTF-8"?>
<!-- Generated by org.testng.reporters.JUnitReportReporter -->
<testsuite skipped="0" hostname="DESKTOP-U94MBI6" name="getRequest.getData" tests="3" failures="0" timestamp="03 May 2019 12:31:47 GMT" time="7.616" errors="0">
  <testcase name="test_numberOfCircuitsFor2017_Seacon" time="1.484" classname="getRequest.getData"/>
  <testcase name="testResponsecode" time="1.539" classname="getRequest.getData"/>
  <testcase name="testBody" time="4.593" classname="getRequest.getData"/>
</testsuite> <!-- getRequest.getData -->
