<?xml version="1.0" encoding="UTF-8"?>
<!-- Generated by org.testng.reporters.JUnitReportReporter -->
<testsuite skipped="0" hostname="IBM200-PC0GHXJ9" name="getRequest.getData" tests="2" failures="0" timestamp="18 Mar 2019 13:00:31 GMT" time="7.133" errors="0">
  <testcase name="testBody" time="4.285" classname="getRequest.getData"/>
  <testcase name="testResponsecode" time="2.848" classname="getRequest.getData"/>
</testsuite> <!-- getRequest.getData -->
