<?xml version="1.0" encoding="UTF-8"?>
<!-- Generated by org.testng.reporters.JUnitReportReporter -->
<testsuite hostname="DESKTOP-U94MBI6" name="TestFramework.basics2" tests="3" failures="0" timestamp="6 Mar 2020 16:55:19 GMT" time="7.053" errors="0">
  <testcase name="testResReq" time="4.712" classname="TestFramework.basics2"/>
  <testcase name="testResReqpost1" time="1.137" classname="TestFramework.basics2"/>
  <testcase name="testResReqpost" time="1.204" classname="TestFramework.basics2"/>
</testsuite> <!-- TestFramework.basics2 -->
