<?xml version="1.0" encoding="UTF-8"?>
<!-- Generated by org.testng.reporters.JUnitReportReporter -->
<testsuite skipped="0" hostname="DESKTOP-U94MBI6" name="com.qa.testcases.OHHomePageTest" tests="2" failures="0" timestamp="15 Apr 2019 07:54:06 GMT" time="25.699" errors="0">
  <testcase name="VerifyHomePageTest" time="10.424" classname="com.qa.testcases.OHHomePageTest"/>
  <testcase name="AddUserinAdminTest" time="15.275" classname="com.qa.testcases.OHHomePageTest"/>
</testsuite> <!-- com.qa.testcases.OHHomePageTest -->
