<?xml version="1.0" encoding="UTF-8"?>
<!-- Generated by org.testng.reporters.JUnitReportReporter -->
<testsuite skipped="0" hostname="DESKTOP-U94MBI6" name="com.qa.testcases.OHLoginPageTest" tests="2" failures="0" timestamp="15 Apr 2019 07:54:06 GMT" time="20.844" errors="0">
  <testcase name="VerifyHRMLogoTest" time="9.534" classname="com.qa.testcases.OHLoginPageTest"/>
  <testcase name="LoginOrangeHRMTest" time="11.310" classname="com.qa.testcases.OHLoginPageTest"/>
</testsuite> <!-- com.qa.testcases.OHLoginPageTest -->
