<?xml version="1.0" encoding="UTF-8"?>
<!-- Generated by org.testng.reporters.JUnitReportReporter -->
<testsuite skipped="0" hostname="DESKTOP-U94MBI6" name="com.qa.testcases.OHAdminPageTest" tests="1" failures="0" timestamp="15 Apr 2019 08:09:40 GMT" time="17.746" errors="0">
  <testcase name="AddNewUserTest" time="17.746" classname="com.qa.testcases.OHAdminPageTest"/>
</testsuite> <!-- com.qa.testcases.OHAdminPageTest -->
