<?xml version="1.0" encoding="UTF-8"?>
<!-- Generated by org.testng.reporters.JUnitReportReporter -->
<testsuite skipped="0" hostname="DESKTOP-U94MBI6" name="API_Testing.TC005_GET_Validating_JSON_Response" tests="1" failures="0" timestamp="25 Aug 2019 12:23:27 GMT" time="0.876" errors="0">
  <testcase name="googleMapTest" time="0.876" classname="API_Testing.TC005_GET_Validating_JSON_Response"/>
</testsuite> <!-- API_Testing.TC005_GET_Validating_JSON_Response -->
