<?xml version="1.0" encoding="UTF-8"?>
<!-- Generated by org.testng.reporters.JUnitReportReporter -->
<testsuite skipped="0" hostname="DESKTOP-U94MBI6" name="API_Testing.TC001_GET_Request" tests="1" failures="0" timestamp="25 Aug 2019 12:23:27 GMT" time="2.733" errors="0">
  <testcase name="getweatherDetails" time="2.733" classname="API_Testing.TC001_GET_Request"/>
</testsuite> <!-- API_Testing.TC001_GET_Request -->
