<?xml version="1.0" encoding="UTF-8"?>
<!-- Generated by org.testng.reporters.JUnitReportReporter -->
<testsuite skipped="0" hostname="DESKTOP-U94MBI6" name="API_Testing.TC004_GET_Request_PrintAllHeaders" tests="1" failures="0" timestamp="25 Aug 2019 12:23:27 GMT" time="0.828" errors="0">
  <testcase name="googleMapTest" time="0.828" classname="API_Testing.TC004_GET_Request_PrintAllHeaders"/>
</testsuite> <!-- API_Testing.TC004_GET_Request_PrintAllHeaders -->
