<?xml version="1.0" encoding="UTF-8"?>
<!-- Generated by org.testng.reporters.JUnitReportReporter -->
<testsuite skipped="0" hostname="DESKTOP-U94MBI6" name="API_Testing.DataDrivenTest_AddNewEmployees" tests="3" failures="0" timestamp="26 Aug 2019 07:41:02 GMT" time="3.895" errors="0">
  <testcase name="postNewEmployees" time="0.425" classname="API_Testing.DataDrivenTest_AddNewEmployees"/>
  <testcase name="postNewEmployees" time="3.027" classname="API_Testing.DataDrivenTest_AddNewEmployees"/>
  <testcase name="postNewEmployees" time="0.443" classname="API_Testing.DataDrivenTest_AddNewEmployees"/>
</testsuite> <!-- API_Testing.DataDrivenTest_AddNewEmployees -->
