<?xml version="1.0" encoding="UTF-8"?>
<!-- Generated by org.testng.reporters.JUnitReportReporter -->
<testsuite skipped="0" hostname="DESKTOP-U94MBI6" name="Test_Cases.TC001_GET_Request" tests="1" failures="0" timestamp="03 Oct 2019 12:20:10 GMT" time="3.363" errors="0">
  <testcase name="getweatherDetails" time="3.363" classname="Test_Cases.TC001_GET_Request"/>
</testsuite> <!-- Test_Cases.TC001_GET_Request -->
