<?xml version="1.0" encoding="UTF-8"?>
<!-- Generated by org.testng.reporters.JUnitReportReporter -->
<testsuite skipped="0" hostname="DESKTOP-U94MBI6" name="API_Testing.TC007_GET_Authentication_API" tests="1" failures="0" timestamp="25 Aug 2019 12:23:27 GMT" time="0.764" errors="0">
  <testcase name="RegistrationSuccessful" time="0.764" classname="API_Testing.TC007_GET_Authentication_API"/>
</testsuite> <!-- API_Testing.TC007_GET_Authentication_API -->
