<?xml version="1.0" encoding="UTF-8"?>
<!-- Generated by org.testng.reporters.JUnitReportReporter -->
<testsuite skipped="0" hostname="DESKTOP-U94MBI6" name="API_Testing.TC006_GET_ValidatingJSONresponse" tests="1" failures="0" timestamp="25 Aug 2019 11:52:10 GMT" time="3.673" errors="0">
  <testcase name="googleMapTest" time="3.673" classname="API_Testing.TC006_GET_ValidatingJSONresponse"/>
</testsuite> <!-- API_Testing.TC006_GET_ValidatingJSONresponse -->
