<?xml version="1.0" encoding="UTF-8"?>
<!-- Generated by org.testng.reporters.JUnitReportReporter -->
<testsuite skipped="0" hostname="DESKTOP-U94MBI6" name="Test_Cases.TC004_GET_Request_PrintAllHeaders" tests="1" failures="0" timestamp="03 Oct 2019 12:20:10 GMT" time="0.379" errors="0">
  <testcase name="googleMapTest" time="0.379" classname="Test_Cases.TC004_GET_Request_PrintAllHeaders"/>
</testsuite> <!-- Test_Cases.TC004_GET_Request_PrintAllHeaders -->
